<?xml version="1.0" encoding="UTF-8"?>
<!-- Generated by org.testng.reporters.JUnitXMLReporter -->
<testsuite hostname="DESKTOP-0GKRM8F" ignored="0" name="Command line test" tests="1" failures="0" timestamp="12 Apr 2022 11:50:24 GMT" time="27.066" errors="0">
  <testcase name="createLeadwithvalidmandatorydetailsanddeletetheleadfromLeadsInformationpageTestng_TC57" time="13.877" classname="com.crm.lead.CreateLeadwithvalidmandatorydetailsanddeletetheleadfromLeadsInformationpageTestng_TC57Test"/>
</testsuite> <!-- Command line test -->
