<?xml version="1.0" encoding="UTF-8"?>
<!-- Generated by org.testng.reporters.JUnitXMLReporter -->
<testsuite ignored="0" hostname="DESKTOP-0GKRM8F" failures="0" tests="1" name="Default test" time="41.956" errors="0" timestamp="2022-04-12T17:04:08 IST">
  <testcase classname="com.crm.lead.CreateLeadwithvalidmandatorydetailsanddeletetheleadfromLeadsInformationpageTestng_TC57Test" name="createLeadwithvalidmandatorydetailsanddeletetheleadfromLeadsInformationpageTestng_TC57" time="16.745"/>
</testsuite> <!-- Default test -->
