<?xml version="1.0" encoding="UTF-8"?>
<!-- Generated by org.testng.reporters.JUnitXMLReporter -->
<testsuite ignored="2" hostname="DESKTOP-0GKRM8F" failures="0" tests="2" name="Test" time="59.729" errors="0" timestamp="2022-04-12T16:57:04 IST">
  <testcase classname="com.crm.lead.CreateLeadwithvalidmandatorydetailsanddeletetheleadfromLeadsInformationpageTestng_TC57Test" name="createLeadwithvalidmandatorydetailsanddeletetheleadfromLeadsInformationpageTestng_TC57" time="17.623"/>
  <testcase classname="com.crm.lead.CreatNewLeadByGivingValidInputToEmailAndSecondaryEmailTestngT1_15_3Test" name="creatNewLeadByGivingValidInputToEmailAndSecondaryEmailTestngT1_15_3" time="12.361"/>
  <testcase classname="com.crm.genericUtility.BaseClass" name="@BeforeSuite dataBaseConnection" time="0.0">
    <ignored/>
  </testcase> <!-- @BeforeSuite dataBaseConnection -->
  <testcase classname="com.crm.genericUtility.BaseClass" name="@AfterSuite closeDataBase" time="0.0">
    <ignored/>
  </testcase> <!-- @AfterSuite closeDataBase -->
</testsuite> <!-- Test -->
