<?xml version="1.0" encoding="UTF-8"?>
<!-- Generated by org.testng.reporters.JUnitXMLReporter -->
<testsuite ignored="2" hostname="DESKTOP-0GKRM8F" failures="0" tests="2" name="Test1" time="62.262" errors="0" timestamp="2022-04-07T10:40:24 IST">
  <testcase classname="com.crm.organization.CreateOrganizationWithAssignedToMarketingGroup_TC11" name="createOrganizationWithAssignedToMarketingGroup_TC11" time="20.237"/>
  <testcase classname="com.crm.lead.CreatNewLeadByGivingValidInputToEmailAndSecondaryEmailTestngT1_15_3" name="creatNewLeadByGivingValidInputToEmailAndSecondaryEmailTestngT1_15_3" time="8.616"/>
  <testcase classname="com.crm.genericUtility.BaseClass" name="@BeforeSuite dataBaseConnection" time="0.0">
    <ignored/>
  </testcase> <!-- @BeforeSuite dataBaseConnection -->
  <testcase classname="com.crm.genericUtility.BaseClass" name="@AfterSuite closeDataBase" time="0.0">
    <ignored/>
  </testcase> <!-- @AfterSuite closeDataBase -->
</testsuite> <!-- Test1 -->
