<?xml version="1.0" encoding="UTF-8"?>
<testng-results ignored="0" total="1" passed="1" failed="0" skipped="0">
  <reporter-output>
  </reporter-output>
  <suite started-at="2022-04-12T17:03:26 IST" name="Default suite" finished-at="2022-04-12T17:04:08 IST" duration-ms="41956">
    <groups>
    </groups>
    <test started-at="2022-04-12T17:03:26 IST" name="Default test" finished-at="2022-04-12T17:04:08 IST" duration-ms="41956">
      <class name="com.crm.lead.CreateLeadwithvalidmandatorydetailsanddeletetheleadfromLeadsInformationpageTestng_TC57Test">
        <test-method is-config="true" signature="dataBaseConnection()[pri:0, instance:com.crm.lead.CreateLeadwithvalidmandatorydetailsanddeletetheleadfromLeadsInformationpageTestng_TC57Test@57cf54e1]" started-at="2022-04-12T17:03:26 IST" name="dataBaseConnection" finished-at="2022-04-12T17:03:26 IST" duration-ms="236" status="PASS">
          <reporter-output>
          </reporter-output>
        </test-method> <!-- dataBaseConnection -->
        <test-method is-config="true" signature="openBrowser()[pri:0, instance:com.crm.lead.CreateLeadwithvalidmandatorydetailsanddeletetheleadfromLeadsInformationpageTestng_TC57Test@57cf54e1]" started-at="2022-04-12T17:03:26 IST" name="openBrowser" finished-at="2022-04-12T17:03:32 IST" duration-ms="5934" status="PASS">
          <reporter-output>
          </reporter-output>
        </test-method> <!-- openBrowser -->
        <test-method is-config="true" signature="Login()[pri:0, instance:com.crm.lead.CreateLeadwithvalidmandatorydetailsanddeletetheleadfromLeadsInformationpageTestng_TC57Test@57cf54e1]" started-at="2022-04-12T17:03:32 IST" name="Login" finished-at="2022-04-12T17:03:49 IST" duration-ms="17065" status="PASS">
          <reporter-output>
          </reporter-output>
        </test-method> <!-- Login -->
        <test-method signature="createLeadwithvalidmandatorydetailsanddeletetheleadfromLeadsInformationpageTestng_TC57()[pri:0, instance:com.crm.lead.CreateLeadwithvalidmandatorydetailsanddeletetheleadfromLeadsInformationpageTestng_TC57Test@57cf54e1]" started-at="2022-04-12T17:03:49 IST" name="createLeadwithvalidmandatorydetailsanddeletetheleadfromLeadsInformationpageTestng_TC57" finished-at="2022-04-12T17:04:06 IST" duration-ms="16745" status="PASS">
          <reporter-output>
          </reporter-output>
        </test-method> <!-- createLeadwithvalidmandatorydetailsanddeletetheleadfromLeadsInformationpageTestng_TC57 -->
        <test-method is-config="true" signature="Logout()[pri:0, instance:com.crm.lead.CreateLeadwithvalidmandatorydetailsanddeletetheleadfromLeadsInformationpageTestng_TC57Test@57cf54e1]" started-at="2022-04-12T17:04:06 IST" name="Logout" finished-at="2022-04-12T17:04:08 IST" duration-ms="2097" status="PASS">
          <reporter-output>
          </reporter-output>
        </test-method> <!-- Logout -->
        <test-method is-config="true" signature="closeBrowser()[pri:0, instance:com.crm.lead.CreateLeadwithvalidmandatorydetailsanddeletetheleadfromLeadsInformationpageTestng_TC57Test@57cf54e1]" started-at="2022-04-12T17:04:08 IST" name="closeBrowser" finished-at="2022-04-12T17:04:08 IST" duration-ms="85" status="PASS">
          <reporter-output>
          </reporter-output>
        </test-method> <!-- closeBrowser -->
        <test-method is-config="true" signature="closeDataBase()[pri:0, instance:com.crm.lead.CreateLeadwithvalidmandatorydetailsanddeletetheleadfromLeadsInformationpageTestng_TC57Test@57cf54e1]" started-at="2022-04-12T17:04:08 IST" name="closeDataBase" finished-at="2022-04-12T17:04:08 IST" duration-ms="11" status="PASS">
          <reporter-output>
          </reporter-output>
        </test-method> <!-- closeDataBase -->
      </class> <!-- com.crm.lead.CreateLeadwithvalidmandatorydetailsanddeletetheleadfromLeadsInformationpageTestng_TC57Test -->
    </test> <!-- Default test -->
  </suite> <!-- Default suite -->
</testng-results>
